<?xml version="1.0" encoding="UTF-8"?>
<!-- Generated by org.testng.reporters.JUnitReportReporter -->
<testsuite hostname="Zhumu-Arhaam" failures="0" tests="1" name="pages.HomePageTest" time="8.747" errors="0" timestamp="2023-12-16T23:37:13 EST" skipped="0">
  <testcase classname="pages.HomePageTest" name="inputTextInUserIdAndPasswordFieldThenClickLoginButtonTest" time="8.747">
    <system-out>
      <![CDATA[habibaummey78@gmail.com <-----> has been put into <-----> [[ChromeDriver: chrome on windows (ffef264b8ce1d48ffe6fa9fb786bb2dd)] -> xpath: //input[@id= 'SignIn-emailInput']]<br>
Familyissweet1@ <-----> has been put into <-----> [[ChromeDriver: chrome on windows (ffef264b8ce1d48ffe6fa9fb786bb2dd)] -> xpath:  //input[@id='SignIn-passwordInput']]<br>
[[ChromeDriver: chrome on windows (ffef264b8ce1d48ffe6fa9fb786bb2dd)] -> id: SignIn-rememberMe]<---------> has been clicked<br>
[[ChromeDriver: chrome on windows (ffef264b8ce1d48ffe6fa9fb786bb2dd)] -> id: SignIn-submitButton]<---------> has been clicked<br>]]>
    </system-out>
  </testcase> <!-- inputTextInUserIdAndPasswordFieldThenClickLoginButtonTest -->
  <system-out>
    <![CDATA[habibaummey78@gmail.com <-----> has been put into <-----> [[ChromeDriver: chrome on windows (ffef264b8ce1d48ffe6fa9fb786bb2dd)] -> xpath: //input[@id= 'SignIn-emailInput']]<br>
Familyissweet1@ <-----> has been put into <-----> [[ChromeDriver: chrome on windows (ffef264b8ce1d48ffe6fa9fb786bb2dd)] -> xpath:  //input[@id='SignIn-passwordInput']]<br>
[[ChromeDriver: chrome on windows (ffef264b8ce1d48ffe6fa9fb786bb2dd)] -> id: SignIn-rememberMe]<---------> has been clicked<br>
[[ChromeDriver: chrome on windows (ffef264b8ce1d48ffe6fa9fb786bb2dd)] -> id: SignIn-submitButton]<---------> has been clicked<br>]]>
  </system-out>
</testsuite> <!-- pages.HomePageTest -->
